#! /usr/bin/vvp
:ivl_version "12.0 (stable)";
:ivl_delay_selection "TYPICAL";
:vpi_time_precision - 12;
:vpi_module "/usr/lib/x86_64-linux-gnu/ivl/system.vpi";
:vpi_module "/usr/lib/x86_64-linux-gnu/ivl/vhdl_sys.vpi";
:vpi_module "/usr/lib/x86_64-linux-gnu/ivl/vhdl_textio.vpi";
:vpi_module "/usr/lib/x86_64-linux-gnu/ivl/v2005_math.vpi";
:vpi_module "/usr/lib/x86_64-linux-gnu/ivl/va_math.vpi";
S_0x61d0bf9a5b30 .scope module, "divisor_tb" "divisor_tb" 2 5;
 .timescale -9 -12;
v0x61d0bf9b8750_0 .var "clk_tb", 0 0;
v0x61d0bf9b8820_0 .var "reset_tb", 0 0;
S_0x61d0bf9a5cc0 .scope begin, "TEST_CASE" "TEST_CASE" 2 26, 2 26 0, S_0x61d0bf9a5b30;
 .timescale -9 -12;
S_0x61d0bf96a490 .scope module, "div" "divisor_frecuencia" 2 13, 3 3 0, S_0x61d0bf9a5b30;
 .timescale -9 -12;
    .port_info 0 /INPUT 1 "clk_50MHz";
    .port_info 1 /INPUT 1 "reset";
    .port_info 2 /OUTPUT 1 "tick";
P_0x61d0bf98f610 .param/l "M" 0 3 6, +C4<00000000000000000000000000001010>;
P_0x61d0bf98f650 .param/l "N" 0 3 5, +C4<00000000000000000000000000001001>;
v0x61d0bf96a790_0 .net "clk_50MHz", 0 0, v0x61d0bf9b8750_0;  1 drivers
v0x61d0bf9b8460_0 .var "counter", 8 0;
v0x61d0bf9b8540_0 .net "reset", 0 0, v0x61d0bf9b8820_0;  1 drivers
v0x61d0bf9b8610_0 .var "tick", 0 0;
E_0x61d0bf9a3aa0 .event posedge, v0x61d0bf96a790_0;
    .scope S_0x61d0bf96a490;
T_0 ;
    %pushi/vec4 0, 0, 1;
    %store/vec4 v0x61d0bf9b8610_0, 0, 1;
    %pushi/vec4 0, 0, 9;
    %store/vec4 v0x61d0bf9b8460_0, 0, 9;
    %end;
    .thread T_0;
    .scope S_0x61d0bf96a490;
T_1 ;
    %wait E_0x61d0bf9a3aa0;
    %load/vec4 v0x61d0bf9b8540_0;
    %flag_set/vec4 8;
    %jmp/0xz  T_1.0, 8;
    %pushi/vec4 0, 0, 9;
    %assign/vec4 v0x61d0bf9b8460_0, 0;
    %pushi/vec4 0, 0, 1;
    %assign/vec4 v0x61d0bf9b8610_0, 0;
    %jmp T_1.1;
T_1.0 ;
    %load/vec4 v0x61d0bf9b8460_0;
    %pad/u 32;
    %cmpi/e 10, 0, 32;
    %jmp/0xz  T_1.2, 4;
    %pushi/vec4 0, 0, 9;
    %assign/vec4 v0x61d0bf9b8460_0, 0;
    %load/vec4 v0x61d0bf9b8610_0;
    %inv;
    %assign/vec4 v0x61d0bf9b8610_0, 0;
    %jmp T_1.3;
T_1.2 ;
    %load/vec4 v0x61d0bf9b8460_0;
    %addi 1, 0, 9;
    %assign/vec4 v0x61d0bf9b8460_0, 0;
T_1.3 ;
T_1.1 ;
    %jmp T_1;
    .thread T_1;
    .scope S_0x61d0bf9a5b30;
T_2 ;
    %delay 5000, 0;
    %load/vec4 v0x61d0bf9b8750_0;
    %inv;
    %store/vec4 v0x61d0bf9b8750_0, 0, 1;
    %jmp T_2;
    .thread T_2;
    .scope S_0x61d0bf9a5b30;
T_3 ;
    %pushi/vec4 0, 0, 1;
    %store/vec4 v0x61d0bf9b8750_0, 0, 1;
    %pushi/vec4 0, 0, 1;
    %store/vec4 v0x61d0bf9b8820_0, 0, 1;
    %delay 3000, 0;
    %pushi/vec4 1, 0, 1;
    %store/vec4 v0x61d0bf9b8820_0, 0, 1;
    %delay 10000, 0;
    %pushi/vec4 0, 0, 1;
    %store/vec4 v0x61d0bf9b8820_0, 0, 1;
    %end;
    .thread T_3;
    .scope S_0x61d0bf9a5b30;
T_4 ;
    %fork t_1, S_0x61d0bf9a5cc0;
    %jmp t_0;
    .scope S_0x61d0bf9a5cc0;
t_1 ;
    %vpi_call 2 27 "$dumpfile", "divisor_tb.vcd" {0 0 0};
    %vpi_call 2 28 "$dumpvars", 32'sb11111111111111111111111111111111, S_0x61d0bf96a490 {0 0 0};
    %delay 3000000, 0;
    %vpi_call 2 29 "$finish" {0 0 0};
    %end;
    .scope S_0x61d0bf9a5b30;
t_0 %join;
    %end;
    .thread T_4;
# The file index is used to find the file name in the following table.
:file_names 4;
    "N/A";
    "<interactive>";
    "src/divisor_tb.v";
    "./src/divisor_frecuencia.v";
